packages/native-plugins/camera/android/build/intermediates/manifest_merge_blame_file/debug/processDebugManifest/manifest-merger-blame-debug-report.txt
1<?xml version="1.0" encoding="utf-8"?>
2<manifest xmlns:android="http://schemas.android.com/apk/res/android"
3    package="ai.milady.plugins.camera" >
4
5    <uses-sdk android:minSdkVersion="26" />
6
7    <uses-permission android:name="android.permission.CAMERA" />
7-->src/main/AndroidManifest.xml:3:5-65
7-->src/main/AndroidManifest.xml:3:22-62
8    <uses-permission android:name="android.permission.RECORD_AUDIO" />
8-->src/main/AndroidManifest.xml:4:5-71
8-->src/main/AndroidManifest.xml:4:22-68
9    <uses-permission
9-->src/main/AndroidManifest.xml:5:5-108
10        android:name="android.permission.WRITE_EXTERNAL_STORAGE"
10-->src/main/AndroidManifest.xml:5:22-78
11        android:maxSdkVersion="28" />
11-->src/main/AndroidManifest.xml:5:79-105
12
13    <uses-feature
13-->src/main/AndroidManifest.xml:7:5-85
14        android:name="android.hardware.camera"
14-->src/main/AndroidManifest.xml:7:19-57
15        android:required="false" />
15-->src/main/AndroidManifest.xml:7:58-82
16    <uses-feature
16-->src/main/AndroidManifest.xml:8:5-95
17        android:name="android.hardware.camera.autofocus"
17-->src/main/AndroidManifest.xml:8:19-67
18        android:required="false" />
18-->src/main/AndroidManifest.xml:8:68-92
19
20</manifest>